07-Jun-2025 17:14:20.248 INFO [main] org.apache.catalina.core.ApplicationContext.log ContextListener: contextInitialized()
07-Jun-2025 17:14:20.248 INFO [main] org.apache.catalina.core.ApplicationContext.log SessionListener: contextInitialized()
07-Jun-2025 17:14:20.249 INFO [main] org.apache.catalina.core.ApplicationContext.log ContextListener: attributeAdded('StockTicker', 'async.Stockticker@55f4ec04')
07-Jun-2025 19:51:14.986 SEVERE [http-nio-8080-exec-37] org.apache.catalina.core.StandardWrapperValve.invoke El Servlet.service() para el servlet [jsp] en el contexto con ruta [/PryIntegrador1] lanzó la excepción [La uri absoluta: [http://java.sun.com/jsp/jstl/core] no puede resolverse o en web.xml o el los archivos jar desplegados con esta aplicación] con causa raíz
	org.apache.jasper.JasperException: La uri absoluta: [http://java.sun.com/jsp/jstl/core] no puede resolverse o en web.xml o el los archivos jar desplegados con esta aplicación
		at org.apache.jasper.compiler.DefaultErrorHandler.jspError(DefaultErrorHandler.java:55)
		at org.apache.jasper.compiler.ErrorDispatcher.dispatch(ErrorDispatcher.java:294)
		at org.apache.jasper.compiler.ErrorDispatcher.jspError(ErrorDispatcher.java:81)
		at org.apache.jasper.compiler.TagLibraryInfoImpl.generateTldResourcePath(TagLibraryInfoImpl.java:251)
		at org.apache.jasper.compiler.TagLibraryInfoImpl.<init>(TagLibraryInfoImpl.java:122)
		at org.apache.jasper.compiler.Parser.parseTaglibDirective(Parser.java:431)
		at org.apache.jasper.compiler.Parser.parseDirective(Parser.java:489)
		at org.apache.jasper.compiler.Parser.parseElements(Parser.java:1445)
		at org.apache.jasper.compiler.Parser.parse(Parser.java:144)
		at org.apache.jasper.compiler.ParserController.doParse(ParserController.java:244)
		at org.apache.jasper.compiler.ParserController.parse(ParserController.java:105)
		at org.apache.jasper.compiler.Compiler.generateJava(Compiler.java:206)
		at org.apache.jasper.compiler.Compiler.compile(Compiler.java:385)
		at org.apache.jasper.compiler.Compiler.compile(Compiler.java:362)
		at org.apache.jasper.compiler.Compiler.compile(Compiler.java:346)
		at org.apache.jasper.JspCompilationContext.compile(JspCompilationContext.java:603)
		at org.apache.jasper.servlet.JspServletWrapper.service(JspServletWrapper.java:399)
		at org.apache.jasper.servlet.JspServlet.serviceJspFile(JspServlet.java:385)
		at org.apache.jasper.servlet.JspServlet.service(JspServlet.java:329)
		at javax.servlet.http.HttpServlet.service(HttpServlet.java:741)
		at org.apache.catalina.core.ApplicationFilterChain.internalDoFilter(ApplicationFilterChain.java:231)
		at org.apache.catalina.core.ApplicationFilterChain.doFilter(ApplicationFilterChain.java:166)
		at org.apache.tomcat.websocket.server.WsFilter.doFilter(WsFilter.java:53)
		at org.apache.catalina.core.ApplicationFilterChain.internalDoFilter(ApplicationFilterChain.java:193)
		at org.apache.catalina.core.ApplicationFilterChain.doFilter(ApplicationFilterChain.java:166)
		at org.apache.catalina.core.StandardWrapperValve.invoke(StandardWrapperValve.java:202)
		at org.apache.catalina.core.StandardContextValve.invoke(StandardContextValve.java:96)
		at org.apache.catalina.authenticator.AuthenticatorBase.invoke(AuthenticatorBase.java:490)
		at org.apache.catalina.core.StandardHostValve.invoke(StandardHostValve.java:139)
		at org.apache.catalina.valves.ErrorReportValve.invoke(ErrorReportValve.java:92)
		at org.apache.catalina.valves.AbstractAccessLogValve.invoke(AbstractAccessLogValve.java:678)
		at org.apache.catalina.core.StandardEngineValve.invoke(StandardEngineValve.java:74)
		at org.apache.catalina.connector.CoyoteAdapter.service(CoyoteAdapter.java:343)
		at org.apache.coyote.http11.Http11Processor.service(Http11Processor.java:408)
		at org.apache.coyote.AbstractProcessorLight.process(AbstractProcessorLight.java:66)
		at org.apache.coyote.AbstractProtocol$ConnectionHandler.process(AbstractProtocol.java:853)
		at org.apache.tomcat.util.net.NioEndpoint$SocketProcessor.doRun(NioEndpoint.java:1587)
		at org.apache.tomcat.util.net.SocketProcessorBase.run(SocketProcessorBase.java:49)
		at java.base/java.util.concurrent.ThreadPoolExecutor.runWorker(ThreadPoolExecutor.java:1136)
		at java.base/java.util.concurrent.ThreadPoolExecutor$Worker.run(ThreadPoolExecutor.java:635)
		at org.apache.tomcat.util.threads.TaskThread$WrappingRunnable.run(TaskThread.java:61)
		at java.base/java.lang.Thread.run(Thread.java:842)
07-Jun-2025 19:53:38.374 SEVERE [http-nio-8080-exec-48] org.apache.catalina.core.StandardWrapperValve.invoke El Servlet.service() para el servlet [jsp] en el contexto con ruta [/PryIntegrador1] lanzó la excepción [Ha sucedido una excepción al procesar la página JSP [/css/seguimiento.jsp] en línea [26]

23:         <tbody>
24:         <%
25:             List<SeguimientoPlazo> lista = (List<SeguimientoPlazo>) request.getAttribute("lista");
26:             int idImportacion = (int) request.getAttribute("idImportacion");
27:             for (SeguimientoPlazo s : lista) {
28:         %>
29:             <tr>


Stacktrace:] con causa raíz
	java.lang.NullPointerException: Cannot invoke "java.lang.Integer.intValue()" because the return value of "javax.servlet.http.HttpServletRequest.getAttribute(String)" is null
		at org.apache.jsp.css.seguimiento_jsp._jspService(seguimiento_jsp.java:148)
		at org.apache.jasper.runtime.HttpJspBase.service(HttpJspBase.java:70)
		at javax.servlet.http.HttpServlet.service(HttpServlet.java:741)
		at org.apache.jasper.servlet.JspServletWrapper.service(JspServletWrapper.java:476)
		at org.apache.jasper.servlet.JspServlet.serviceJspFile(JspServlet.java:385)
		at org.apache.jasper.servlet.JspServlet.service(JspServlet.java:329)
		at javax.servlet.http.HttpServlet.service(HttpServlet.java:741)
		at org.apache.catalina.core.ApplicationFilterChain.internalDoFilter(ApplicationFilterChain.java:231)
		at org.apache.catalina.core.ApplicationFilterChain.doFilter(ApplicationFilterChain.java:166)
		at org.apache.tomcat.websocket.server.WsFilter.doFilter(WsFilter.java:53)
		at org.apache.catalina.core.ApplicationFilterChain.internalDoFilter(ApplicationFilterChain.java:193)
		at org.apache.catalina.core.ApplicationFilterChain.doFilter(ApplicationFilterChain.java:166)
		at org.apache.catalina.core.StandardWrapperValve.invoke(StandardWrapperValve.java:202)
		at org.apache.catalina.core.StandardContextValve.invoke(StandardContextValve.java:96)
		at org.apache.catalina.authenticator.AuthenticatorBase.invoke(AuthenticatorBase.java:490)
		at org.apache.catalina.core.StandardHostValve.invoke(StandardHostValve.java:139)
		at org.apache.catalina.valves.ErrorReportValve.invoke(ErrorReportValve.java:92)
		at org.apache.catalina.valves.AbstractAccessLogValve.invoke(AbstractAccessLogValve.java:678)
		at org.apache.catalina.core.StandardEngineValve.invoke(StandardEngineValve.java:74)
		at org.apache.catalina.connector.CoyoteAdapter.service(CoyoteAdapter.java:343)
		at org.apache.coyote.http11.Http11Processor.service(Http11Processor.java:408)
		at org.apache.coyote.AbstractProcessorLight.process(AbstractProcessorLight.java:66)
		at org.apache.coyote.AbstractProtocol$ConnectionHandler.process(AbstractProtocol.java:853)
		at org.apache.tomcat.util.net.NioEndpoint$SocketProcessor.doRun(NioEndpoint.java:1587)
		at org.apache.tomcat.util.net.SocketProcessorBase.run(SocketProcessorBase.java:49)
		at java.base/java.util.concurrent.ThreadPoolExecutor.runWorker(ThreadPoolExecutor.java:1136)
		at java.base/java.util.concurrent.ThreadPoolExecutor$Worker.run(ThreadPoolExecutor.java:635)
		at org.apache.tomcat.util.threads.TaskThread$WrappingRunnable.run(TaskThread.java:61)
		at java.base/java.lang.Thread.run(Thread.java:842)
