11-May-2025 00:37:58.237 INFORMACIÓN [main] org.apache.catalina.core.ApplicationContext.log ContextListener: contextInitialized()
11-May-2025 00:37:58.237 INFORMACIÓN [main] org.apache.catalina.core.ApplicationContext.log SessionListener: contextInitialized()
11-May-2025 00:37:58.239 INFORMACIÓN [main] org.apache.catalina.core.ApplicationContext.log ContextListener: attributeAdded('StockTicker', 'async.Stockticker@2bd2b28e')
11-May-2025 00:40:04.093 INFORMACIÓN [main] org.apache.catalina.core.ApplicationContext.log SessionListener: contextDestroyed()
11-May-2025 00:40:04.093 INFORMACIÓN [main] org.apache.catalina.core.ApplicationContext.log ContextListener: contextDestroyed()
11-May-2025 00:40:07.782 INFORMACIÓN [main] org.apache.catalina.core.ApplicationContext.log ContextListener: contextInitialized()
11-May-2025 00:40:07.782 INFORMACIÓN [main] org.apache.catalina.core.ApplicationContext.log SessionListener: contextInitialized()
11-May-2025 00:40:07.783 INFORMACIÓN [main] org.apache.catalina.core.ApplicationContext.log ContextListener: attributeAdded('StockTicker', 'async.Stockticker@68e5eea7')
11-May-2025 00:40:21.674 GRAVE [http-nio-8080-exec-8] org.apache.catalina.core.StandardWrapperValve.invoke El Servlet.service() para el servlet [jsp] en el contexto con ruta [/PryIntegrador1] lanzó la excepción [Ha sucedido una excepción al procesar la página JSP [/LisProvee.jsp] en línea [15]

12:     <body>
13:     <center>
14:         <%
15:             ProveeControl obj = new ProveeControl();
16:             List<Proveedor> lista = obj.LisProvee();
17:         %>
18:         <h2 class="text-cyan">Lista de Proveedores</h2>


Stacktrace:] con causa raíz
	java.lang.UnsupportedClassVersionError: controller/ProveeControl has been compiled by a more recent version of the Java Runtime (class file version 61.0), this version of the Java Runtime only recognizes class file versions up to 52.0 (no puedo cargar clase [controller.ProveeControl])
		at org.apache.catalina.loader.WebappClassLoaderBase.findClassInternal(WebappClassLoaderBase.java:2424)
		at org.apache.catalina.loader.WebappClassLoaderBase.findClass(WebappClassLoaderBase.java:865)
		at org.apache.catalina.loader.WebappClassLoaderBase.loadClass(WebappClassLoaderBase.java:1334)
		at org.apache.catalina.loader.WebappClassLoaderBase.loadClass(WebappClassLoaderBase.java:1188)
		at org.apache.jasper.servlet.JasperLoader.loadClass(JasperLoader.java:122)
		at org.apache.jasper.servlet.JasperLoader.loadClass(JasperLoader.java:59)
		at org.apache.jsp.LisProvee_jsp._jspService(LisProvee_jsp.java:137)
		at org.apache.jasper.runtime.HttpJspBase.service(HttpJspBase.java:70)
		at javax.servlet.http.HttpServlet.service(HttpServlet.java:741)
		at org.apache.jasper.servlet.JspServletWrapper.service(JspServletWrapper.java:476)
		at org.apache.jasper.servlet.JspServlet.serviceJspFile(JspServlet.java:385)
		at org.apache.jasper.servlet.JspServlet.service(JspServlet.java:329)
		at javax.servlet.http.HttpServlet.service(HttpServlet.java:741)
		at org.apache.catalina.core.ApplicationFilterChain.internalDoFilter(ApplicationFilterChain.java:231)
		at org.apache.catalina.core.ApplicationFilterChain.doFilter(ApplicationFilterChain.java:166)
		at org.apache.tomcat.websocket.server.WsFilter.doFilter(WsFilter.java:53)
		at org.apache.catalina.core.ApplicationFilterChain.internalDoFilter(ApplicationFilterChain.java:193)
		at org.apache.catalina.core.ApplicationFilterChain.doFilter(ApplicationFilterChain.java:166)
		at org.apache.catalina.core.StandardWrapperValve.invoke(StandardWrapperValve.java:202)
		at org.apache.catalina.core.StandardContextValve.invoke(StandardContextValve.java:96)
		at org.apache.catalina.authenticator.AuthenticatorBase.invoke(AuthenticatorBase.java:490)
		at org.apache.catalina.core.StandardHostValve.invoke(StandardHostValve.java:139)
		at org.apache.catalina.valves.ErrorReportValve.invoke(ErrorReportValve.java:92)
		at org.apache.catalina.valves.AbstractAccessLogValve.invoke(AbstractAccessLogValve.java:678)
		at org.apache.catalina.core.StandardEngineValve.invoke(StandardEngineValve.java:74)
		at org.apache.catalina.connector.CoyoteAdapter.service(CoyoteAdapter.java:343)
		at org.apache.coyote.http11.Http11Processor.service(Http11Processor.java:408)
		at org.apache.coyote.AbstractProcessorLight.process(AbstractProcessorLight.java:66)
		at org.apache.coyote.AbstractProtocol$ConnectionHandler.process(AbstractProtocol.java:853)
		at org.apache.tomcat.util.net.NioEndpoint$SocketProcessor.doRun(NioEndpoint.java:1587)
		at org.apache.tomcat.util.net.SocketProcessorBase.run(SocketProcessorBase.java:49)
		at java.util.concurrent.ThreadPoolExecutor.runWorker(ThreadPoolExecutor.java:1149)
		at java.util.concurrent.ThreadPoolExecutor$Worker.run(ThreadPoolExecutor.java:624)
		at org.apache.tomcat.util.threads.TaskThread$WrappingRunnable.run(TaskThread.java:61)
		at java.lang.Thread.run(Thread.java:748)
11-May-2025 00:41:37.940 INFORMACIÓN [main] org.apache.catalina.core.ApplicationContext.log SessionListener: contextDestroyed()
11-May-2025 00:41:37.940 INFORMACIÓN [main] org.apache.catalina.core.ApplicationContext.log ContextListener: contextDestroyed()
11-May-2025 00:41:41.977 INFO [main] org.apache.catalina.core.ApplicationContext.log ContextListener: contextInitialized()
11-May-2025 00:41:41.977 INFO [main] org.apache.catalina.core.ApplicationContext.log SessionListener: contextInitialized()
11-May-2025 00:41:41.978 INFO [main] org.apache.catalina.core.ApplicationContext.log ContextListener: attributeAdded('StockTicker', 'async.Stockticker@771db12c')
11-May-2025 02:10:51.769 INFO [main] org.apache.catalina.core.ApplicationContext.log SessionListener: contextDestroyed()
11-May-2025 02:10:51.769 INFO [main] org.apache.catalina.core.ApplicationContext.log ContextListener: contextDestroyed()
11-May-2025 12:01:25.040 INFO [main] org.apache.catalina.core.ApplicationContext.log ContextListener: contextInitialized()
11-May-2025 12:01:25.040 INFO [main] org.apache.catalina.core.ApplicationContext.log SessionListener: contextInitialized()
11-May-2025 12:01:25.042 INFO [main] org.apache.catalina.core.ApplicationContext.log ContextListener: attributeAdded('StockTicker', 'async.Stockticker@52b6319f')
11-May-2025 20:33:20.442 INFO [main] org.apache.catalina.core.ApplicationContext.log SessionListener: contextDestroyed()
11-May-2025 20:33:20.442 INFO [main] org.apache.catalina.core.ApplicationContext.log ContextListener: contextDestroyed()
11-May-2025 20:34:51.048 INFO [main] org.apache.catalina.core.ApplicationContext.log ContextListener: contextInitialized()
11-May-2025 20:34:51.048 INFO [main] org.apache.catalina.core.ApplicationContext.log SessionListener: contextInitialized()
11-May-2025 20:34:51.050 INFO [main] org.apache.catalina.core.ApplicationContext.log ContextListener: attributeAdded('StockTicker', 'async.Stockticker@3c017078')
11-May-2025 20:45:59.646 INFO [main] org.apache.catalina.core.ApplicationContext.log SessionListener: contextDestroyed()
11-May-2025 20:45:59.646 INFO [main] org.apache.catalina.core.ApplicationContext.log ContextListener: contextDestroyed()
