05-Jun-2025 17:50:49.303 INFO [main] org.apache.catalina.core.ApplicationContext.log ContextListener: contextInitialized()
05-Jun-2025 17:50:49.303 INFO [main] org.apache.catalina.core.ApplicationContext.log SessionListener: contextInitialized()
05-Jun-2025 17:50:49.305 INFO [main] org.apache.catalina.core.ApplicationContext.log ContextListener: attributeAdded('StockTicker', 'async.Stockticker@51e0301d')
05-Jun-2025 18:00:06.579 SEVERE [http-nio-8080-exec-18] org.apache.catalina.core.StandardWrapperValve.invoke El Servlet.service() para el servlet [jsp] en el contexto con ruta [/PryIntegrador1] lanzó la excepción [Ha sucedido una excepción al procesar la página JSP [/nuevaImportacion.jsp] en línea [19]

16: <form action="ImportaTempoServlet?opc=1" method="post">
17:     <label>Producto:</label>
18:     <select name="id_producto" required>
19:         <c:forEach var="p" items="${productoControl.listarProductos()}">
20:             <option value="${p.id_producto}">${p.nombre}</option>
21:         </c:forEach>
22:     </select><br>


Stacktrace:] con causa raíz
	javax.el.MethodNotFoundException: Method not found: class controller.ProductoContol.listarProductos()
		at javax.el.Util.findWrapper(Util.java:371)
		at javax.el.Util.findMethod(Util.java:217)
		at javax.el.BeanELResolver.invoke(BeanELResolver.java:150)
		at org.apache.jasper.el.JasperELResolver.invoke(JasperELResolver.java:151)
		at org.apache.el.parser.AstValue.getValue(AstValue.java:159)
		at org.apache.el.ValueExpressionImpl.getValue(ValueExpressionImpl.java:190)
		at org.apache.jasper.runtime.PageContextImpl.proprietaryEvaluate(PageContextImpl.java:701)
		at org.apache.jsp.nuevaImportacion_jsp._jspService(nuevaImportacion_jsp.java:155)
		at org.apache.jasper.runtime.HttpJspBase.service(HttpJspBase.java:70)
		at javax.servlet.http.HttpServlet.service(HttpServlet.java:741)
		at org.apache.jasper.servlet.JspServletWrapper.service(JspServletWrapper.java:476)
		at org.apache.jasper.servlet.JspServlet.serviceJspFile(JspServlet.java:385)
		at org.apache.jasper.servlet.JspServlet.service(JspServlet.java:329)
		at javax.servlet.http.HttpServlet.service(HttpServlet.java:741)
		at org.apache.catalina.core.ApplicationFilterChain.internalDoFilter(ApplicationFilterChain.java:231)
		at org.apache.catalina.core.ApplicationFilterChain.doFilter(ApplicationFilterChain.java:166)
		at org.apache.tomcat.websocket.server.WsFilter.doFilter(WsFilter.java:53)
		at org.apache.catalina.core.ApplicationFilterChain.internalDoFilter(ApplicationFilterChain.java:193)
		at org.apache.catalina.core.ApplicationFilterChain.doFilter(ApplicationFilterChain.java:166)
		at org.apache.catalina.core.StandardWrapperValve.invoke(StandardWrapperValve.java:202)
		at org.apache.catalina.core.StandardContextValve.invoke(StandardContextValve.java:96)
		at org.apache.catalina.authenticator.AuthenticatorBase.invoke(AuthenticatorBase.java:490)
		at org.apache.catalina.core.StandardHostValve.invoke(StandardHostValve.java:139)
		at org.apache.catalina.valves.ErrorReportValve.invoke(ErrorReportValve.java:92)
		at org.apache.catalina.valves.AbstractAccessLogValve.invoke(AbstractAccessLogValve.java:678)
		at org.apache.catalina.core.StandardEngineValve.invoke(StandardEngineValve.java:74)
		at org.apache.catalina.connector.CoyoteAdapter.service(CoyoteAdapter.java:343)
		at org.apache.coyote.http11.Http11Processor.service(Http11Processor.java:408)
		at org.apache.coyote.AbstractProcessorLight.process(AbstractProcessorLight.java:66)
		at org.apache.coyote.AbstractProtocol$ConnectionHandler.process(AbstractProtocol.java:853)
		at org.apache.tomcat.util.net.NioEndpoint$SocketProcessor.doRun(NioEndpoint.java:1587)
		at org.apache.tomcat.util.net.SocketProcessorBase.run(SocketProcessorBase.java:49)
		at java.base/java.util.concurrent.ThreadPoolExecutor.runWorker(ThreadPoolExecutor.java:1136)
		at java.base/java.util.concurrent.ThreadPoolExecutor$Worker.run(ThreadPoolExecutor.java:635)
		at org.apache.tomcat.util.threads.TaskThread$WrappingRunnable.run(TaskThread.java:61)
		at java.base/java.lang.Thread.run(Thread.java:842)
05-Jun-2025 18:36:22.127 SEVERE [http-nio-8080-exec-44] org.apache.catalina.core.StandardWrapperValve.invoke El Servlet.service() para el servlet [jsp] en el contexto con ruta [/PryIntegrador1] lanzó la excepción [Ha sucedido una excepción al procesar la página JSP [/nuevaImportacion.jsp] en línea [19]

16: <form action="ImportaTempoServlet?opc=1" method="post">
17:     <label>Producto:</label>
18:     <select name="id_producto" required>
19:         <c:forEach var="p" items="${productoControl.listarProductos()}">
20:             <option value="${p.id_producto}">${p.nombre}</option>
21:         </c:forEach>
22:     </select><br>


Stacktrace:] con causa raíz
	javax.el.MethodNotFoundException: Method not found: class controller.ProductoContol.listarProductos()
		at javax.el.Util.findWrapper(Util.java:371)
		at javax.el.Util.findMethod(Util.java:217)
		at javax.el.BeanELResolver.invoke(BeanELResolver.java:150)
		at org.apache.jasper.el.JasperELResolver.invoke(JasperELResolver.java:151)
		at org.apache.el.parser.AstValue.getValue(AstValue.java:159)
		at org.apache.el.ValueExpressionImpl.getValue(ValueExpressionImpl.java:190)
		at org.apache.jasper.runtime.PageContextImpl.proprietaryEvaluate(PageContextImpl.java:701)
		at org.apache.jsp.nuevaImportacion_jsp._jspService(nuevaImportacion_jsp.java:155)
		at org.apache.jasper.runtime.HttpJspBase.service(HttpJspBase.java:70)
		at javax.servlet.http.HttpServlet.service(HttpServlet.java:741)
		at org.apache.jasper.servlet.JspServletWrapper.service(JspServletWrapper.java:476)
		at org.apache.jasper.servlet.JspServlet.serviceJspFile(JspServlet.java:385)
		at org.apache.jasper.servlet.JspServlet.service(JspServlet.java:329)
		at javax.servlet.http.HttpServlet.service(HttpServlet.java:741)
		at org.apache.catalina.core.ApplicationFilterChain.internalDoFilter(ApplicationFilterChain.java:231)
		at org.apache.catalina.core.ApplicationFilterChain.doFilter(ApplicationFilterChain.java:166)
		at org.apache.tomcat.websocket.server.WsFilter.doFilter(WsFilter.java:53)
		at org.apache.catalina.core.ApplicationFilterChain.internalDoFilter(ApplicationFilterChain.java:193)
		at org.apache.catalina.core.ApplicationFilterChain.doFilter(ApplicationFilterChain.java:166)
		at org.apache.catalina.core.StandardWrapperValve.invoke(StandardWrapperValve.java:202)
		at org.apache.catalina.core.StandardContextValve.invoke(StandardContextValve.java:96)
		at org.apache.catalina.authenticator.AuthenticatorBase.invoke(AuthenticatorBase.java:490)
		at org.apache.catalina.core.StandardHostValve.invoke(StandardHostValve.java:139)
		at org.apache.catalina.valves.ErrorReportValve.invoke(ErrorReportValve.java:92)
		at org.apache.catalina.valves.AbstractAccessLogValve.invoke(AbstractAccessLogValve.java:678)
		at org.apache.catalina.core.StandardEngineValve.invoke(StandardEngineValve.java:74)
		at org.apache.catalina.connector.CoyoteAdapter.service(CoyoteAdapter.java:343)
		at org.apache.coyote.http11.Http11Processor.service(Http11Processor.java:408)
		at org.apache.coyote.AbstractProcessorLight.process(AbstractProcessorLight.java:66)
		at org.apache.coyote.AbstractProtocol$ConnectionHandler.process(AbstractProtocol.java:853)
		at org.apache.tomcat.util.net.NioEndpoint$SocketProcessor.doRun(NioEndpoint.java:1587)
		at org.apache.tomcat.util.net.SocketProcessorBase.run(SocketProcessorBase.java:49)
		at java.base/java.util.concurrent.ThreadPoolExecutor.runWorker(ThreadPoolExecutor.java:1136)
		at java.base/java.util.concurrent.ThreadPoolExecutor$Worker.run(ThreadPoolExecutor.java:635)
		at org.apache.tomcat.util.threads.TaskThread$WrappingRunnable.run(TaskThread.java:61)
		at java.base/java.lang.Thread.run(Thread.java:842)
05-Jun-2025 19:53:22.856 SEVERE [http-nio-8080-exec-51] org.apache.catalina.core.StandardWrapperValve.invoke El Servlet.service() para el servlet [jsp] en el contexto con ruta [/PryIntegrador1] lanzó la excepción [org.apache.jasper.JasperException: javax.el.ELException: Failed to parse the expression [${etapa.replace(/_/g, " ")}]] con causa raíz
	org.apache.el.parser.ParseException: Encountered " "/" "/ "" at line 1, column 17.
Was expecting one of:
    "{" ...
    <INTEGER_LITERAL> ...
    <FLOATING_POINT_LITERAL> ...
    <STRING_LITERAL> ...
    "true" ...
    "false" ...
    "null" ...
    "(" ...
    ")" ...
    "[" ...
    "!" ...
    "not" ...
    "empty" ...
    "-" ...
    <IDENTIFIER> ...
    
		at org.apache.el.parser.ELParser.generateParseException(ELParser.java:3090)
		at org.apache.el.parser.ELParser.jj_consume_token(ELParser.java:2963)
		at org.apache.el.parser.ELParser.MethodParameters(ELParser.java:1505)
		at org.apache.el.parser.ELParser.ValueSuffix(ELParser.java:1397)
		at org.apache.el.parser.ELParser.Value(ELParser.java:1328)
		at org.apache.el.parser.ELParser.Unary(ELParser.java:1298)
		at org.apache.el.parser.ELParser.Multiplication(ELParser.java:1060)
		at org.apache.el.parser.ELParser.Math(ELParser.java:980)
		at org.apache.el.parser.ELParser.Concatenation(ELParser.java:936)
		at org.apache.el.parser.ELParser.Compare(ELParser.java:747)
		at org.apache.el.parser.ELParser.Equality(ELParser.java:641)
		at org.apache.el.parser.ELParser.And(ELParser.java:585)
		at org.apache.el.parser.ELParser.Or(ELParser.java:529)
		at org.apache.el.parser.ELParser.Choice(ELParser.java:486)
		at org.apache.el.parser.ELParser.Assignment(ELParser.java:243)
		at org.apache.el.parser.ELParser.Semicolon(ELParser.java:182)
		at org.apache.el.parser.ELParser.Expression(ELParser.java:175)
		at org.apache.el.parser.ELParser.DynamicExpression(ELParser.java:147)
		at org.apache.el.parser.ELParser.CompositeExpression(ELParser.java:44)
		at org.apache.el.lang.ExpressionBuilder.createNodeInternal(ExpressionBuilder.java:118)
		at org.apache.el.lang.ExpressionBuilder.build(ExpressionBuilder.java:178)
		at org.apache.el.lang.ExpressionBuilder.createValueExpression(ExpressionBuilder.java:242)
		at org.apache.el.ExpressionFactoryImpl.createValueExpression(ExpressionFactoryImpl.java:67)
		at org.apache.jasper.compiler.Validator$ValidateVisitor.prepareExpression(Validator.java:1630)
		at org.apache.jasper.compiler.Validator$ValidateVisitor.visit(Validator.java:759)
		at org.apache.jasper.compiler.Node$ELExpression.accept(Node.java:958)
		at org.apache.jasper.compiler.Node$Nodes.visit(Node.java:2389)
		at org.apache.jasper.compiler.Node$Visitor.visitBody(Node.java:2441)
		at org.apache.jasper.compiler.Node$Visitor.visit(Node.java:2447)
		at org.apache.jasper.compiler.Node$Root.accept(Node.java:470)
		at org.apache.jasper.compiler.Node$Nodes.visit(Node.java:2389)
		at org.apache.jasper.compiler.Validator.validateExDirectives(Validator.java:1857)
		at org.apache.jasper.compiler.Compiler.generateJava(Compiler.java:224)
		at org.apache.jasper.compiler.Compiler.compile(Compiler.java:385)
		at org.apache.jasper.compiler.Compiler.compile(Compiler.java:362)
		at org.apache.jasper.compiler.Compiler.compile(Compiler.java:346)
		at org.apache.jasper.JspCompilationContext.compile(JspCompilationContext.java:603)
		at org.apache.jasper.servlet.JspServletWrapper.service(JspServletWrapper.java:399)
		at org.apache.jasper.servlet.JspServlet.serviceJspFile(JspServlet.java:385)
		at org.apache.jasper.servlet.JspServlet.service(JspServlet.java:329)
		at javax.servlet.http.HttpServlet.service(HttpServlet.java:741)
		at org.apache.catalina.core.ApplicationFilterChain.internalDoFilter(ApplicationFilterChain.java:231)
		at org.apache.catalina.core.ApplicationFilterChain.doFilter(ApplicationFilterChain.java:166)
		at org.apache.tomcat.websocket.server.WsFilter.doFilter(WsFilter.java:53)
		at org.apache.catalina.core.ApplicationFilterChain.internalDoFilter(ApplicationFilterChain.java:193)
		at org.apache.catalina.core.ApplicationFilterChain.doFilter(ApplicationFilterChain.java:166)
		at org.apache.catalina.core.StandardWrapperValve.invoke(StandardWrapperValve.java:202)
		at org.apache.catalina.core.StandardContextValve.invoke(StandardContextValve.java:96)
		at org.apache.catalina.authenticator.AuthenticatorBase.invoke(AuthenticatorBase.java:490)
		at org.apache.catalina.core.StandardHostValve.invoke(StandardHostValve.java:139)
		at org.apache.catalina.valves.ErrorReportValve.invoke(ErrorReportValve.java:92)
		at org.apache.catalina.valves.AbstractAccessLogValve.invoke(AbstractAccessLogValve.java:678)
		at org.apache.catalina.core.StandardEngineValve.invoke(StandardEngineValve.java:74)
		at org.apache.catalina.connector.CoyoteAdapter.service(CoyoteAdapter.java:343)
		at org.apache.coyote.http11.Http11Processor.service(Http11Processor.java:408)
		at org.apache.coyote.AbstractProcessorLight.process(AbstractProcessorLight.java:66)
		at org.apache.coyote.AbstractProtocol$ConnectionHandler.process(AbstractProtocol.java:853)
		at org.apache.tomcat.util.net.NioEndpoint$SocketProcessor.doRun(NioEndpoint.java:1587)
		at org.apache.tomcat.util.net.SocketProcessorBase.run(SocketProcessorBase.java:49)
		at java.base/java.util.concurrent.ThreadPoolExecutor.runWorker(ThreadPoolExecutor.java:1136)
		at java.base/java.util.concurrent.ThreadPoolExecutor$Worker.run(ThreadPoolExecutor.java:635)
		at org.apache.tomcat.util.threads.TaskThread$WrappingRunnable.run(TaskThread.java:61)
		at java.base/java.lang.Thread.run(Thread.java:842)
05-Jun-2025 20:07:44.990 SEVERE [http-nio-8080-exec-60] org.apache.catalina.core.StandardWrapperValve.invoke El Servlet.service() para el servlet [jsp] en el contexto con ruta [/PryIntegrador1] lanzó la excepción [La uri absoluta: [http://java.sun.com/jsp/jstl/core] no puede resolverse o en web.xml o el los archivos jar desplegados con esta aplicación] con causa raíz
	org.apache.jasper.JasperException: La uri absoluta: [http://java.sun.com/jsp/jstl/core] no puede resolverse o en web.xml o el los archivos jar desplegados con esta aplicación
		at org.apache.jasper.compiler.DefaultErrorHandler.jspError(DefaultErrorHandler.java:55)
		at org.apache.jasper.compiler.ErrorDispatcher.dispatch(ErrorDispatcher.java:294)
		at org.apache.jasper.compiler.ErrorDispatcher.jspError(ErrorDispatcher.java:81)
		at org.apache.jasper.compiler.TagLibraryInfoImpl.generateTldResourcePath(TagLibraryInfoImpl.java:251)
		at org.apache.jasper.compiler.TagLibraryInfoImpl.<init>(TagLibraryInfoImpl.java:122)
		at org.apache.jasper.compiler.Parser.parseTaglibDirective(Parser.java:431)
		at org.apache.jasper.compiler.Parser.parseDirective(Parser.java:489)
		at org.apache.jasper.compiler.Parser.parseElements(Parser.java:1445)
		at org.apache.jasper.compiler.Parser.parse(Parser.java:144)
		at org.apache.jasper.compiler.ParserController.doParse(ParserController.java:244)
		at org.apache.jasper.compiler.ParserController.parse(ParserController.java:105)
		at org.apache.jasper.compiler.Compiler.generateJava(Compiler.java:206)
		at org.apache.jasper.compiler.Compiler.compile(Compiler.java:385)
		at org.apache.jasper.compiler.Compiler.compile(Compiler.java:362)
		at org.apache.jasper.compiler.Compiler.compile(Compiler.java:346)
		at org.apache.jasper.JspCompilationContext.compile(JspCompilationContext.java:603)
		at org.apache.jasper.servlet.JspServletWrapper.service(JspServletWrapper.java:399)
		at org.apache.jasper.servlet.JspServlet.serviceJspFile(JspServlet.java:385)
		at org.apache.jasper.servlet.JspServlet.service(JspServlet.java:329)
		at javax.servlet.http.HttpServlet.service(HttpServlet.java:741)
		at org.apache.catalina.core.ApplicationFilterChain.internalDoFilter(ApplicationFilterChain.java:231)
		at org.apache.catalina.core.ApplicationFilterChain.doFilter(ApplicationFilterChain.java:166)
		at org.apache.tomcat.websocket.server.WsFilter.doFilter(WsFilter.java:53)
		at org.apache.catalina.core.ApplicationFilterChain.internalDoFilter(ApplicationFilterChain.java:193)
		at org.apache.catalina.core.ApplicationFilterChain.doFilter(ApplicationFilterChain.java:166)
		at org.apache.catalina.core.StandardWrapperValve.invoke(StandardWrapperValve.java:202)
		at org.apache.catalina.core.StandardContextValve.invoke(StandardContextValve.java:96)
		at org.apache.catalina.authenticator.AuthenticatorBase.invoke(AuthenticatorBase.java:490)
		at org.apache.catalina.core.StandardHostValve.invoke(StandardHostValve.java:139)
		at org.apache.catalina.valves.ErrorReportValve.invoke(ErrorReportValve.java:92)
		at org.apache.catalina.valves.AbstractAccessLogValve.invoke(AbstractAccessLogValve.java:678)
		at org.apache.catalina.core.StandardEngineValve.invoke(StandardEngineValve.java:74)
		at org.apache.catalina.connector.CoyoteAdapter.service(CoyoteAdapter.java:343)
		at org.apache.coyote.http11.Http11Processor.service(Http11Processor.java:408)
		at org.apache.coyote.AbstractProcessorLight.process(AbstractProcessorLight.java:66)
		at org.apache.coyote.AbstractProtocol$ConnectionHandler.process(AbstractProtocol.java:853)
		at org.apache.tomcat.util.net.NioEndpoint$SocketProcessor.doRun(NioEndpoint.java:1587)
		at org.apache.tomcat.util.net.SocketProcessorBase.run(SocketProcessorBase.java:49)
		at java.base/java.util.concurrent.ThreadPoolExecutor.runWorker(ThreadPoolExecutor.java:1136)
		at java.base/java.util.concurrent.ThreadPoolExecutor$Worker.run(ThreadPoolExecutor.java:635)
		at org.apache.tomcat.util.threads.TaskThread$WrappingRunnable.run(TaskThread.java:61)
		at java.base/java.lang.Thread.run(Thread.java:842)
05-Jun-2025 20:08:00.847 SEVERE [http-nio-8080-exec-63] org.apache.catalina.core.StandardWrapperValve.invoke El Servlet.service() para el servlet [jsp] en el contexto con ruta [/PryIntegrador1] lanzó la excepción [La uri absoluta: [http://java.sun.com/jsp/jstl/core] no puede resolverse o en web.xml o el los archivos jar desplegados con esta aplicación] con causa raíz
	org.apache.jasper.JasperException: La uri absoluta: [http://java.sun.com/jsp/jstl/core] no puede resolverse o en web.xml o el los archivos jar desplegados con esta aplicación
		at org.apache.jasper.compiler.DefaultErrorHandler.jspError(DefaultErrorHandler.java:55)
		at org.apache.jasper.compiler.ErrorDispatcher.dispatch(ErrorDispatcher.java:294)
		at org.apache.jasper.compiler.ErrorDispatcher.jspError(ErrorDispatcher.java:81)
		at org.apache.jasper.compiler.TagLibraryInfoImpl.generateTldResourcePath(TagLibraryInfoImpl.java:251)
		at org.apache.jasper.compiler.TagLibraryInfoImpl.<init>(TagLibraryInfoImpl.java:122)
		at org.apache.jasper.compiler.Parser.parseTaglibDirective(Parser.java:431)
		at org.apache.jasper.compiler.Parser.parseDirective(Parser.java:489)
		at org.apache.jasper.compiler.Parser.parseElements(Parser.java:1445)
		at org.apache.jasper.compiler.Parser.parse(Parser.java:144)
		at org.apache.jasper.compiler.ParserController.doParse(ParserController.java:244)
		at org.apache.jasper.compiler.ParserController.parse(ParserController.java:105)
		at org.apache.jasper.compiler.Compiler.generateJava(Compiler.java:206)
		at org.apache.jasper.compiler.Compiler.compile(Compiler.java:385)
		at org.apache.jasper.compiler.Compiler.compile(Compiler.java:362)
		at org.apache.jasper.compiler.Compiler.compile(Compiler.java:346)
		at org.apache.jasper.JspCompilationContext.compile(JspCompilationContext.java:603)
		at org.apache.jasper.servlet.JspServletWrapper.service(JspServletWrapper.java:399)
		at org.apache.jasper.servlet.JspServlet.serviceJspFile(JspServlet.java:385)
		at org.apache.jasper.servlet.JspServlet.service(JspServlet.java:329)
		at javax.servlet.http.HttpServlet.service(HttpServlet.java:741)
		at org.apache.catalina.core.ApplicationFilterChain.internalDoFilter(ApplicationFilterChain.java:231)
		at org.apache.catalina.core.ApplicationFilterChain.doFilter(ApplicationFilterChain.java:166)
		at org.apache.tomcat.websocket.server.WsFilter.doFilter(WsFilter.java:53)
		at org.apache.catalina.core.ApplicationFilterChain.internalDoFilter(ApplicationFilterChain.java:193)
		at org.apache.catalina.core.ApplicationFilterChain.doFilter(ApplicationFilterChain.java:166)
		at org.apache.catalina.core.StandardWrapperValve.invoke(StandardWrapperValve.java:202)
		at org.apache.catalina.core.StandardContextValve.invoke(StandardContextValve.java:96)
		at org.apache.catalina.authenticator.AuthenticatorBase.invoke(AuthenticatorBase.java:490)
		at org.apache.catalina.core.StandardHostValve.invoke(StandardHostValve.java:139)
		at org.apache.catalina.valves.ErrorReportValve.invoke(ErrorReportValve.java:92)
		at org.apache.catalina.valves.AbstractAccessLogValve.invoke(AbstractAccessLogValve.java:678)
		at org.apache.catalina.core.StandardEngineValve.invoke(StandardEngineValve.java:74)
		at org.apache.catalina.connector.CoyoteAdapter.service(CoyoteAdapter.java:343)
		at org.apache.coyote.http11.Http11Processor.service(Http11Processor.java:408)
		at org.apache.coyote.AbstractProcessorLight.process(AbstractProcessorLight.java:66)
		at org.apache.coyote.AbstractProtocol$ConnectionHandler.process(AbstractProtocol.java:853)
		at org.apache.tomcat.util.net.NioEndpoint$SocketProcessor.doRun(NioEndpoint.java:1587)
		at org.apache.tomcat.util.net.SocketProcessorBase.run(SocketProcessorBase.java:49)
		at java.base/java.util.concurrent.ThreadPoolExecutor.runWorker(ThreadPoolExecutor.java:1136)
		at java.base/java.util.concurrent.ThreadPoolExecutor$Worker.run(ThreadPoolExecutor.java:635)
		at org.apache.tomcat.util.threads.TaskThread$WrappingRunnable.run(TaskThread.java:61)
		at java.base/java.lang.Thread.run(Thread.java:842)
05-Jun-2025 20:28:03.927 SEVERE [http-nio-8080-exec-99] org.apache.catalina.core.StandardWrapperValve.invoke El Servlet.service() para el servlet [jsp] en el contexto con ruta [/PryIntegrador1] lanzó la excepción [Ha sucedido una excepción al procesar la página JSP [/css/actualizar_estado.jsp] en línea [309]

306: 
307:             const stepDiv = document.createElement('div');
308:             stepDiv.className = `timeline-step ${claseEstado}`;
309:             stepDiv.innerHTML = `<i class="${icono}"></i><span>${obtenerNombreEtapa(etapa)}</span>`;
310: 
311:             timelineDiv.appendChild(stepDiv);
312:         });


Stacktrace:] con causa raíz
	javax.el.ELException: Función [:obtenerNombreEtapa] no hallada
		at org.apache.el.parser.AstFunction.getValue(AstFunction.java:148)
		at org.apache.el.ValueExpressionImpl.getValue(ValueExpressionImpl.java:190)
		at org.apache.jasper.runtime.PageContextImpl.proprietaryEvaluate(PageContextImpl.java:701)
		at org.apache.jsp.css.actualizar_005festado_jsp._jspService(actualizar_005festado_jsp.java:435)
		at org.apache.jasper.runtime.HttpJspBase.service(HttpJspBase.java:70)
		at javax.servlet.http.HttpServlet.service(HttpServlet.java:741)
		at org.apache.jasper.servlet.JspServletWrapper.service(JspServletWrapper.java:476)
		at org.apache.jasper.servlet.JspServlet.serviceJspFile(JspServlet.java:385)
		at org.apache.jasper.servlet.JspServlet.service(JspServlet.java:329)
		at javax.servlet.http.HttpServlet.service(HttpServlet.java:741)
		at org.apache.catalina.core.ApplicationFilterChain.internalDoFilter(ApplicationFilterChain.java:231)
		at org.apache.catalina.core.ApplicationFilterChain.doFilter(ApplicationFilterChain.java:166)
		at org.apache.tomcat.websocket.server.WsFilter.doFilter(WsFilter.java:53)
		at org.apache.catalina.core.ApplicationFilterChain.internalDoFilter(ApplicationFilterChain.java:193)
		at org.apache.catalina.core.ApplicationFilterChain.doFilter(ApplicationFilterChain.java:166)
		at org.apache.catalina.core.StandardWrapperValve.invoke(StandardWrapperValve.java:202)
		at org.apache.catalina.core.StandardContextValve.invoke(StandardContextValve.java:96)
		at org.apache.catalina.authenticator.AuthenticatorBase.invoke(AuthenticatorBase.java:490)
		at org.apache.catalina.core.StandardHostValve.invoke(StandardHostValve.java:139)
		at org.apache.catalina.valves.ErrorReportValve.invoke(ErrorReportValve.java:92)
		at org.apache.catalina.valves.AbstractAccessLogValve.invoke(AbstractAccessLogValve.java:678)
		at org.apache.catalina.core.StandardEngineValve.invoke(StandardEngineValve.java:74)
		at org.apache.catalina.connector.CoyoteAdapter.service(CoyoteAdapter.java:343)
		at org.apache.coyote.http11.Http11Processor.service(Http11Processor.java:408)
		at org.apache.coyote.AbstractProcessorLight.process(AbstractProcessorLight.java:66)
		at org.apache.coyote.AbstractProtocol$ConnectionHandler.process(AbstractProtocol.java:853)
		at org.apache.tomcat.util.net.NioEndpoint$SocketProcessor.doRun(NioEndpoint.java:1587)
		at org.apache.tomcat.util.net.SocketProcessorBase.run(SocketProcessorBase.java:49)
		at java.base/java.util.concurrent.ThreadPoolExecutor.runWorker(ThreadPoolExecutor.java:1136)
		at java.base/java.util.concurrent.ThreadPoolExecutor$Worker.run(ThreadPoolExecutor.java:635)
		at org.apache.tomcat.util.threads.TaskThread$WrappingRunnable.run(TaskThread.java:61)
		at java.base/java.lang.Thread.run(Thread.java:842)
05-Jun-2025 20:32:14.263 INFO [main] org.apache.catalina.core.ApplicationContext.log SessionListener: contextDestroyed()
05-Jun-2025 20:32:14.263 INFO [main] org.apache.catalina.core.ApplicationContext.log ContextListener: contextDestroyed()
