07-Jun-2025 17:14:22.465 INFO [http-nio-8080-exec-6] org.apache.catalina.core.ApplicationContext.log Manager: init: Associated with Deployer 'Catalina:type=Deployer,host=localhost'
07-Jun-2025 17:14:22.465 INFO [http-nio-8080-exec-6] org.apache.catalina.core.ApplicationContext.log Manager: init: Global resources are available
07-Jun-2025 17:14:22.506 INFO [http-nio-8080-exec-8] org.apache.catalina.core.ApplicationContext.log Manager: list: Listing contexts for virtual host 'localhost'
07-Jun-2025 17:14:22.509 INFO [http-nio-8080-exec-9] org.apache.catalina.core.ApplicationContext.log Manager: list: Listing contexts for virtual host 'localhost'
07-Jun-2025 17:14:22.527 INFO [http-nio-8080-exec-10] org.apache.catalina.core.ApplicationContext.log Manager: undeploy: Undeploying web application at '/PryIntegrador1'
07-Jun-2025 17:14:23.072 INFO [http-nio-8080-exec-8] org.apache.catalina.core.ApplicationContext.log Manager: install: Installing context configuration at 'file:/C:/Users/MICHO/AppData/Local/Temp/context8896868757415228288.xml'
07-Jun-2025 17:14:23.426 INFO [http-nio-8080-exec-2] org.apache.catalina.core.ApplicationContext.log Manager: start: Starting web application '/PryIntegrador1'
07-Jun-2025 17:14:56.469 INFO [http-nio-8080-exec-2] org.apache.catalina.core.ApplicationContext.log Manager: list: Listing contexts for virtual host 'localhost'
07-Jun-2025 17:14:56.470 INFO [http-nio-8080-exec-12] org.apache.catalina.core.ApplicationContext.log Manager: list: Listing contexts for virtual host 'localhost'
07-Jun-2025 17:14:56.477 INFO [http-nio-8080-exec-13] org.apache.catalina.core.ApplicationContext.log Manager: undeploy: Undeploying web application at '/PryIntegrador1'
07-Jun-2025 17:14:57.315 INFO [http-nio-8080-exec-15] org.apache.catalina.core.ApplicationContext.log Manager: install: Installing context configuration at 'file:/C:/Users/MICHO/AppData/Local/Temp/context1441240541153174378.xml'
07-Jun-2025 17:14:57.666 INFO [http-nio-8080-exec-8] org.apache.catalina.core.ApplicationContext.log Manager: start: Starting web application '/PryIntegrador1'
07-Jun-2025 18:31:26.176 INFO [http-nio-8080-exec-20] org.apache.catalina.core.ApplicationContext.log Manager: list: Listing contexts for virtual host 'localhost'
07-Jun-2025 18:31:26.179 INFO [http-nio-8080-exec-22] org.apache.catalina.core.ApplicationContext.log Manager: list: Listing contexts for virtual host 'localhost'
07-Jun-2025 18:31:26.188 INFO [http-nio-8080-exec-23] org.apache.catalina.core.ApplicationContext.log Manager: undeploy: Undeploying web application at '/PryIntegrador1'
07-Jun-2025 18:31:27.057 INFO [http-nio-8080-exec-22] org.apache.catalina.core.ApplicationContext.log Manager: install: Installing context configuration at 'file:/C:/Users/MICHO/AppData/Local/Temp/context4038782318357718127.xml'
07-Jun-2025 18:31:27.529 INFO [http-nio-8080-exec-17] org.apache.catalina.core.ApplicationContext.log Manager: start: Starting web application '/PryIntegrador1'
07-Jun-2025 19:51:13.879 INFO [http-nio-8080-exec-40] org.apache.catalina.core.ApplicationContext.log Manager: list: Listing contexts for virtual host 'localhost'
07-Jun-2025 19:51:13.881 INFO [http-nio-8080-exec-41] org.apache.catalina.core.ApplicationContext.log Manager: list: Listing contexts for virtual host 'localhost'
07-Jun-2025 19:51:13.911 INFO [http-nio-8080-exec-42] org.apache.catalina.core.ApplicationContext.log Manager: undeploy: Undeploying web application at '/PryIntegrador1'
07-Jun-2025 19:51:14.453 INFO [http-nio-8080-exec-36] org.apache.catalina.core.ApplicationContext.log Manager: install: Installing context configuration at 'file:/C:/Users/MICHO/AppData/Local/Temp/context4478923371851107690.xml'
07-Jun-2025 19:51:14.831 INFO [http-nio-8080-exec-38] org.apache.catalina.core.ApplicationContext.log Manager: start: Starting web application '/PryIntegrador1'
07-Jun-2025 19:53:37.224 INFO [http-nio-8080-exec-50] org.apache.catalina.core.ApplicationContext.log Manager: list: Listing contexts for virtual host 'localhost'
07-Jun-2025 19:53:37.225 INFO [http-nio-8080-exec-40] org.apache.catalina.core.ApplicationContext.log Manager: list: Listing contexts for virtual host 'localhost'
07-Jun-2025 19:53:37.231 INFO [http-nio-8080-exec-49] org.apache.catalina.core.ApplicationContext.log Manager: undeploy: Undeploying web application at '/PryIntegrador1'
07-Jun-2025 19:53:37.757 INFO [http-nio-8080-exec-36] org.apache.catalina.core.ApplicationContext.log Manager: install: Installing context configuration at 'file:/C:/Users/MICHO/AppData/Local/Temp/context1158922949987032436.xml'
07-Jun-2025 19:53:38.110 INFO [http-nio-8080-exec-40] org.apache.catalina.core.ApplicationContext.log Manager: start: Starting web application '/PryIntegrador1'
07-Jun-2025 20:04:10.482 INFO [http-nio-8080-exec-55] org.apache.catalina.core.ApplicationContext.log Manager: list: Listing contexts for virtual host 'localhost'
07-Jun-2025 20:04:10.483 INFO [http-nio-8080-exec-56] org.apache.catalina.core.ApplicationContext.log Manager: list: Listing contexts for virtual host 'localhost'
07-Jun-2025 20:04:10.489 INFO [http-nio-8080-exec-57] org.apache.catalina.core.ApplicationContext.log Manager: undeploy: Undeploying web application at '/PryIntegrador1'
07-Jun-2025 20:04:11.023 INFO [http-nio-8080-exec-60] org.apache.catalina.core.ApplicationContext.log Manager: install: Installing context configuration at 'file:/C:/Users/MICHO/AppData/Local/Temp/context2379869853206092724.xml'
07-Jun-2025 20:04:11.370 INFO [http-nio-8080-exec-54] org.apache.catalina.core.ApplicationContext.log Manager: start: Starting web application '/PryIntegrador1'
07-Jun-2025 20:09:36.373 INFO [http-nio-8080-exec-65] org.apache.catalina.core.ApplicationContext.log Manager: list: Listing contexts for virtual host 'localhost'
07-Jun-2025 20:09:36.374 INFO [http-nio-8080-exec-66] org.apache.catalina.core.ApplicationContext.log Manager: list: Listing contexts for virtual host 'localhost'
07-Jun-2025 20:09:36.380 INFO [http-nio-8080-exec-67] org.apache.catalina.core.ApplicationContext.log Manager: undeploy: Undeploying web application at '/PryIntegrador1'
07-Jun-2025 20:09:37.162 INFO [http-nio-8080-exec-66] org.apache.catalina.core.ApplicationContext.log Manager: install: Installing context configuration at 'file:/C:/Users/MICHO/AppData/Local/Temp/context5266014851316493216.xml'
07-Jun-2025 20:09:37.498 INFO [http-nio-8080-exec-68] org.apache.catalina.core.ApplicationContext.log Manager: start: Starting web application '/PryIntegrador1'
07-Jun-2025 20:14:31.640 INFO [http-nio-8080-exec-73] org.apache.catalina.core.ApplicationContext.log Manager: list: Listing contexts for virtual host 'localhost'
07-Jun-2025 20:14:31.641 INFO [http-nio-8080-exec-75] org.apache.catalina.core.ApplicationContext.log Manager: list: Listing contexts for virtual host 'localhost'
07-Jun-2025 20:14:31.648 INFO [http-nio-8080-exec-76] org.apache.catalina.core.ApplicationContext.log Manager: undeploy: Undeploying web application at '/PryIntegrador1'
07-Jun-2025 20:14:32.417 INFO [http-nio-8080-exec-74] org.apache.catalina.core.ApplicationContext.log Manager: install: Installing context configuration at 'file:/C:/Users/MICHO/AppData/Local/Temp/context1769485067290272638.xml'
07-Jun-2025 20:14:32.751 INFO [http-nio-8080-exec-75] org.apache.catalina.core.ApplicationContext.log Manager: start: Starting web application '/PryIntegrador1'
07-Jun-2025 20:21:54.861 INFO [http-nio-8080-exec-86] org.apache.catalina.core.ApplicationContext.log Manager: list: Listing contexts for virtual host 'localhost'
07-Jun-2025 20:21:54.862 INFO [http-nio-8080-exec-85] org.apache.catalina.core.ApplicationContext.log Manager: list: Listing contexts for virtual host 'localhost'
07-Jun-2025 20:21:54.868 INFO [http-nio-8080-exec-87] org.apache.catalina.core.ApplicationContext.log Manager: undeploy: Undeploying web application at '/PryIntegrador1'
07-Jun-2025 20:21:55.537 INFO [http-nio-8080-exec-84] org.apache.catalina.core.ApplicationContext.log Manager: install: Installing context configuration at 'file:/C:/Users/MICHO/AppData/Local/Temp/context2386129607503522941.xml'
07-Jun-2025 20:21:55.876 INFO [http-nio-8080-exec-89] org.apache.catalina.core.ApplicationContext.log Manager: start: Starting web application '/PryIntegrador1'
07-Jun-2025 21:29:36.666 INFO [http-nio-8080-exec-96] org.apache.catalina.core.ApplicationContext.log Manager: list: Listing contexts for virtual host 'localhost'
07-Jun-2025 21:29:36.671 INFO [http-nio-8080-exec-95] org.apache.catalina.core.ApplicationContext.log Manager: list: Listing contexts for virtual host 'localhost'
07-Jun-2025 21:29:36.682 INFO [http-nio-8080-exec-97] org.apache.catalina.core.ApplicationContext.log Manager: undeploy: Undeploying web application at '/PryIntegrador1'
07-Jun-2025 21:29:37.439 INFO [http-nio-8080-exec-98] org.apache.catalina.core.ApplicationContext.log Manager: install: Installing context configuration at 'file:/C:/Users/MICHO/AppData/Local/Temp/context5956216959677067815.xml'
07-Jun-2025 21:29:38.008 INFO [http-nio-8080-exec-99] org.apache.catalina.core.ApplicationContext.log Manager: start: Starting web application '/PryIntegrador1'
